app/build/intermediates/manifest_merge_blame_file/debug/processDebugMainManifest/manifest-merger-blame-debug-report.txt
1<?xml version="1.0" encoding="utf-8"?>
2<manifest xmlns:android="http://schemas.android.com/apk/res/android"
3    package="com.example.bruxismdetector"
4    android:versionCode="1"
5    android:versionName="1.0" >
6
7    <uses-sdk
8        android:minSdkVersion="26"
9        android:targetSdkVersion="34" />
10
11    <uses-permission android:name="android.permission.ACCESS_NETWORK_STATE" />
11-->src\main\AndroidManifest.xml:5:5-79
11-->src\main\AndroidManifest.xml:5:22-76
12    <uses-permission android:name="android.permission.FOREGROUND_SERVICE" />
12-->src\main\AndroidManifest.xml:7:5-77
12-->src\main\AndroidManifest.xml:7:22-74
13    <uses-permission android:name="android.permission.FOREGROUND_SERVICE_SPECIAL_USE" />
13-->src\main\AndroidManifest.xml:8:5-89
13-->src\main\AndroidManifest.xml:8:22-86
14    <uses-permission android:name="android.permission.INTERNET" />
14-->src\main\AndroidManifest.xml:9:5-67
14-->src\main\AndroidManifest.xml:9:22-64
15    <uses-permission android:name="android.permission.ACCESS_NETWORK_STATE" />
15-->src\main\AndroidManifest.xml:5:5-79
15-->src\main\AndroidManifest.xml:5:22-76
16    <uses-permission android:name="android.permission.POST_NOTIFICATIONS" />
16-->src\main\AndroidManifest.xml:11:5-77
16-->src\main\AndroidManifest.xml:11:22-74
17    <uses-permission android:name="android.permission.RECEIVE_BOOT_COMPLETED" />
17-->src\main\AndroidManifest.xml:12:5-81
17-->src\main\AndroidManifest.xml:12:22-78
18    <uses-permission
18-->src\main\AndroidManifest.xml:14:5-16:38
19        android:name="android.permission.WRITE_EXTERNAL_STORAGE"
19-->src\main\AndroidManifest.xml:15:9-65
20        android:maxSdkVersion="28" />
20-->src\main\AndroidManifest.xml:16:9-35
21    <uses-permission
21-->src\main\AndroidManifest.xml:17:5-19:38
22        android:name="android.permission.READ_EXTERNAL_STORAGE"
22-->src\main\AndroidManifest.xml:18:9-64
23        android:maxSdkVersion="28" />
23-->src\main\AndroidManifest.xml:19:9-35
24    <uses-permission android:name="android.permission.USE_FULL_SCREEN_INTENT" />
24-->src\main\AndroidManifest.xml:20:5-21:67
24-->src\main\AndroidManifest.xml:21:9-65
25    <uses-permission android:name="android.permission.WAKE_LOCK" />
25-->src\main\AndroidManifest.xml:22:5-67
25-->src\main\AndroidManifest.xml:22:22-65
26    <uses-permission android:name="android.permission.VIBRATE" />
26-->src\main\AndroidManifest.xml:24:5-65
26-->src\main\AndroidManifest.xml:24:22-63
27
28    <permission
28-->[androidx.core:core:1.13.0] AndroidManifest.xml:22:5-24:47
29        android:name="com.example.bruxismdetector.DYNAMIC_RECEIVER_NOT_EXPORTED_PERMISSION"
29-->[androidx.core:core:1.13.0] AndroidManifest.xml:23:9-81
30        android:protectionLevel="signature" />
30-->[androidx.core:core:1.13.0] AndroidManifest.xml:24:9-44
31
32    <uses-permission android:name="com.example.bruxismdetector.DYNAMIC_RECEIVER_NOT_EXPORTED_PERMISSION" />
32-->[androidx.core:core:1.13.0] AndroidManifest.xml:26:5-97
32-->[androidx.core:core:1.13.0] AndroidManifest.xml:26:22-94
33
34    <application
34-->src\main\AndroidManifest.xml:26:5-78:19
35        android:allowBackup="true"
35-->src\main\AndroidManifest.xml:27:9-35
36        android:appComponentFactory="androidx.core.app.CoreComponentFactory"
36-->[androidx.core:core:1.13.0] AndroidManifest.xml:28:18-86
37        android:dataExtractionRules="@xml/data_extraction_rules"
37-->src\main\AndroidManifest.xml:28:9-65
38        android:debuggable="true"
39        android:extractNativeLibs="false"
40        android:fullBackupContent="@xml/backup_rules"
40-->src\main\AndroidManifest.xml:29:9-54
41        android:icon="@mipmap/ic_launcher"
41-->src\main\AndroidManifest.xml:30:9-43
42        android:label="@string/app_name"
42-->src\main\AndroidManifest.xml:31:9-41
43        android:roundIcon="@mipmap/ic_launcher_round"
43-->src\main\AndroidManifest.xml:32:9-54
44        android:supportsRtl="true"
44-->src\main\AndroidManifest.xml:33:9-35
45        android:testOnly="true"
46        android:theme="@style/Theme.BruxismDetector" >
46-->src\main\AndroidManifest.xml:34:9-53
47        <activity
47-->src\main\AndroidManifest.xml:36:9-40:42
48            android:name="com.example.bruxismdetector.AlarmActivity"
48-->src\main\AndroidManifest.xml:37:13-42
49            android:exported="true"
49-->src\main\AndroidManifest.xml:38:13-36
50            android:showWhenLocked="true"
50-->src\main\AndroidManifest.xml:39:13-42
51            android:turnScreenOn="true" />
51-->src\main\AndroidManifest.xml:40:13-40
52
53        <service
53-->src\main\AndroidManifest.xml:42:9-46:58
54            android:name="com.example.bruxismdetector.Tracker"
54-->src\main\AndroidManifest.xml:43:13-36
55            android:enabled="true"
55-->src\main\AndroidManifest.xml:44:13-35
56            android:exported="true"
56-->src\main\AndroidManifest.xml:45:13-36
57            android:foregroundServiceType="specialUse" />
57-->src\main\AndroidManifest.xml:46:13-55
58
59        <activity
59-->src\main\AndroidManifest.xml:48:9-56:20
60            android:name="com.example.bruxismdetector.MainActivity"
60-->src\main\AndroidManifest.xml:49:13-41
61            android:exported="true" >
61-->src\main\AndroidManifest.xml:50:13-36
62            <intent-filter>
62-->src\main\AndroidManifest.xml:51:13-55:29
63                <action android:name="android.intent.action.MAIN" />
63-->src\main\AndroidManifest.xml:52:17-69
63-->src\main\AndroidManifest.xml:52:25-66
64
65                <category android:name="android.intent.category.LAUNCHER" />
65-->src\main\AndroidManifest.xml:54:17-77
65-->src\main\AndroidManifest.xml:54:27-74
66            </intent-filter>
67        </activity>
68
69        <service
69-->src\main\AndroidManifest.xml:58:9-61:72
70            android:name="com.example.bruxismdetector.UDPCheckJob"
70-->src\main\AndroidManifest.xml:59:13-40
71            android:exported="true"
71-->src\main\AndroidManifest.xml:60:13-36
72            android:permission="android.permission.BIND_JOB_SERVICE" />
72-->src\main\AndroidManifest.xml:61:13-69
73
74        <receiver
74-->src\main\AndroidManifest.xml:63:9-65:39
75            android:name="com.example.bruxismdetector.AlarmReceiver"
75-->src\main\AndroidManifest.xml:64:13-42
76            android:exported="true" />
76-->src\main\AndroidManifest.xml:65:13-36
77        <receiver
77-->src\main\AndroidManifest.xml:66:9-68:39
78            android:name="com.example.bruxismdetector.AppLaunchReceiver"
78-->src\main\AndroidManifest.xml:67:13-46
79            android:exported="true" />
79-->src\main\AndroidManifest.xml:68:13-36
80        <receiver
80-->src\main\AndroidManifest.xml:70:9-76:20
81            android:name="com.example.bruxismdetector.BootReceiver"
81-->src\main\AndroidManifest.xml:71:13-41
82            android:exported="true" >
82-->src\main\AndroidManifest.xml:72:13-36
83            <intent-filter>
83-->src\main\AndroidManifest.xml:73:13-75:29
84                <action android:name="android.intent.action.BOOT_COMPLETED" />
84-->src\main\AndroidManifest.xml:74:17-79
84-->src\main\AndroidManifest.xml:74:25-76
85            </intent-filter>
86        </receiver>
87
88        <provider
88-->[androidx.emoji2:emoji2:1.3.0] AndroidManifest.xml:24:9-32:20
89            android:name="androidx.startup.InitializationProvider"
89-->[androidx.emoji2:emoji2:1.3.0] AndroidManifest.xml:25:13-67
90            android:authorities="com.example.bruxismdetector.androidx-startup"
90-->[androidx.emoji2:emoji2:1.3.0] AndroidManifest.xml:26:13-68
91            android:exported="false" >
91-->[androidx.emoji2:emoji2:1.3.0] AndroidManifest.xml:27:13-37
92            <meta-data
92-->[androidx.emoji2:emoji2:1.3.0] AndroidManifest.xml:29:13-31:52
93                android:name="androidx.emoji2.text.EmojiCompatInitializer"
93-->[androidx.emoji2:emoji2:1.3.0] AndroidManifest.xml:30:17-75
94                android:value="androidx.startup" />
94-->[androidx.emoji2:emoji2:1.3.0] AndroidManifest.xml:31:17-49
95            <meta-data
95-->[androidx.lifecycle:lifecycle-process:2.6.2] AndroidManifest.xml:29:13-31:52
96                android:name="androidx.lifecycle.ProcessLifecycleInitializer"
96-->[androidx.lifecycle:lifecycle-process:2.6.2] AndroidManifest.xml:30:17-78
97                android:value="androidx.startup" />
97-->[androidx.lifecycle:lifecycle-process:2.6.2] AndroidManifest.xml:31:17-49
98            <meta-data
98-->[androidx.profileinstaller:profileinstaller:1.4.0] AndroidManifest.xml:29:13-31:52
99                android:name="androidx.profileinstaller.ProfileInstallerInitializer"
99-->[androidx.profileinstaller:profileinstaller:1.4.0] AndroidManifest.xml:30:17-85
100                android:value="androidx.startup" />
100-->[androidx.profileinstaller:profileinstaller:1.4.0] AndroidManifest.xml:31:17-49
101        </provider>
102
103        <receiver
103-->[androidx.profileinstaller:profileinstaller:1.4.0] AndroidManifest.xml:34:9-52:20
104            android:name="androidx.profileinstaller.ProfileInstallReceiver"
104-->[androidx.profileinstaller:profileinstaller:1.4.0] AndroidManifest.xml:35:13-76
105            android:directBootAware="false"
105-->[androidx.profileinstaller:profileinstaller:1.4.0] AndroidManifest.xml:36:13-44
106            android:enabled="true"
106-->[androidx.profileinstaller:profileinstaller:1.4.0] AndroidManifest.xml:37:13-35
107            android:exported="true"
107-->[androidx.profileinstaller:profileinstaller:1.4.0] AndroidManifest.xml:38:13-36
108            android:permission="android.permission.DUMP" >
108-->[androidx.profileinstaller:profileinstaller:1.4.0] AndroidManifest.xml:39:13-57
109            <intent-filter>
109-->[androidx.profileinstaller:profileinstaller:1.4.0] AndroidManifest.xml:40:13-42:29
110                <action android:name="androidx.profileinstaller.action.INSTALL_PROFILE" />
110-->[androidx.profileinstaller:profileinstaller:1.4.0] AndroidManifest.xml:41:17-91
110-->[androidx.profileinstaller:profileinstaller:1.4.0] AndroidManifest.xml:41:25-88
111            </intent-filter>
112            <intent-filter>
112-->[androidx.profileinstaller:profileinstaller:1.4.0] AndroidManifest.xml:43:13-45:29
113                <action android:name="androidx.profileinstaller.action.SKIP_FILE" />
113-->[androidx.profileinstaller:profileinstaller:1.4.0] AndroidManifest.xml:44:17-85
113-->[androidx.profileinstaller:profileinstaller:1.4.0] AndroidManifest.xml:44:25-82
114            </intent-filter>
115            <intent-filter>
115-->[androidx.profileinstaller:profileinstaller:1.4.0] AndroidManifest.xml:46:13-48:29
116                <action android:name="androidx.profileinstaller.action.SAVE_PROFILE" />
116-->[androidx.profileinstaller:profileinstaller:1.4.0] AndroidManifest.xml:47:17-88
116-->[androidx.profileinstaller:profileinstaller:1.4.0] AndroidManifest.xml:47:25-85
117            </intent-filter>
118            <intent-filter>
118-->[androidx.profileinstaller:profileinstaller:1.4.0] AndroidManifest.xml:49:13-51:29
119                <action android:name="androidx.profileinstaller.action.BENCHMARK_OPERATION" />
119-->[androidx.profileinstaller:profileinstaller:1.4.0] AndroidManifest.xml:50:17-95
119-->[androidx.profileinstaller:profileinstaller:1.4.0] AndroidManifest.xml:50:25-92
120            </intent-filter>
121        </receiver>
122    </application>
123
124</manifest>